<?xml version="1.0" encoding="UTF-8"?>
<!-- Generated by org.testng.reporters.JUnitReportReporter -->
<testsuite skipped="0" hostname="PCIN468293" name="com.bikes.testCases.UsedCarsTest" tests="3" failures="0" timestamp="2021-03-13T12:09:51 IST" time="39.483" errors="0">
  <testcase name="verifyChennai" time="0.161" classname="com.bikes.testCases.UsedCarsTest"/>
  <system-out/>
  <testcase name="getPopularModels" time="0.451" classname="com.bikes.testCases.UsedCarsTest"/>
  <system-out/>
  <testcase name="selectChennai" time="38.871" classname="com.bikes.testCases.UsedCarsTest"/>
  <system-out/>
</testsuite> <!-- com.bikes.testCases.UsedCarsTest -->
