<?xml version="1.0" encoding="UTF-8"?>
<!-- Generated by org.testng.reporters.JUnitReportReporter -->
<testsuite skipped="0" hostname="PCIN468293" name="com.bikes.testCases.LoginTest" tests="1" failures="0" timestamp="2021-03-13T12:09:51 IST" time="63.487" errors="0">
  <testcase name="clickLogin2" time="63.487" classname="com.bikes.testCases.LoginTest"/>
  <system-out/>
</testsuite> <!-- com.bikes.testCases.LoginTest -->
